[15:09:13.039][INFO][CraftTweaker-EarlyInit]: CraftTweaker is running on a Minecraft 1.20.1 production client modded with platform Forge
[15:09:13.054][INFO][CraftTweaker-EarlyInit]: Successfully injected RecipeFS file system
[15:09:13.089][INFO][CraftTweaker-Plugins]: Successfully identified and loaded plugin jeitweaker:common
[15:09:13.111][INFO][CraftTweaker-Plugins]: Successfully identified and loaded plugin crafttweaker:builtin
[15:09:13.111][INFO][CraftTweaker-Plugins]: Successfully identified and loaded plugin crafttweaker:builtin_forge
[15:09:13.114][INFO][CraftTweaker-Plugins]: Successfully identified and loaded plugin farmersdelight:crafttweaker_plugin
[15:09:13.125][INFO][JEITweaker]: JEITweaker Environmental Check: the combination of mods [jei] is fully supported
[15:09:13.125][INFO][JEITweaker]: Running JeiTweaker plugin initialization
[15:09:13.136][INFO][JEITweaker]: JeiTweaker plugin initialization completed successfully
[15:09:14.421][INFO][CraftTweaker]: The following mods have explicit CraftTweaker support through the default plugin:
[15:09:14.423][INFO][CraftTweaker]: - 'crafttweaker' at version '14.0.57'
[15:09:14.423][INFO][CraftTweaker]: - 'farmersdelight' at version '1.20.1-1.2.7'
[15:09:14.423][INFO][CraftTweaker]: - 'gamestages' at version '15.0.2'
[15:09:14.423][INFO][CraftTweaker]: - 'itemstages' at version '8.0.3'
[15:09:14.423][INFO][CraftTweaker]: - 'jeitweaker' at version '8.0.6'
[15:09:14.423][INFO][CraftTweaker]: - 'recipemachinestage' at version '1.20.1-2.3.1'
[15:09:14.423][INFO][CraftTweaker]: - 'recipestages' at version '8.0.0.2'
[15:09:14.423][INFO][CraftTweaker]: - 'sdmmobstages' at version '1.20.1-1.0.1'
[15:09:31.147][INFO][CraftTweaker-ZenCode]: Started loading scripts for loader 'initialize'
[15:09:32.079][INFO][CraftTweaker-ZenCode]: Compiling and executing scripts
[15:09:32.308][INFO][CraftTweaker-ZenCode]: Successfully initialized modules [crafttweaker, expansions]
[15:09:32.639][INFO][CraftTweaker-ZenCode]: Execution for loader 'initialize' completed successfully
[15:09:58.141][INFO][CraftTweaker-ZenCode]: Started loading scripts for loader 'tags'
[15:09:58.165][INFO][CraftTweaker-ZenCode]: Compiling and executing scripts
[15:09:58.183][INFO][CraftTweaker-ZenCode]: Successfully initialized modules [crafttweaker, expansions]
[15:09:58.192][INFO][CraftTweaker-ZenCode]: Execution for loader 'tags' completed successfully
[15:09:59.995][INFO][CraftTweaker]: CraftTweaker reload starting!
[15:10:00.000][INFO][CraftTweaker-ZenCode]: Started loading scripts for loader 'crafttweaker'
[15:10:00.022][INFO][CraftTweaker-ZenCode]: Compiling and executing scripts
[15:10:00.434][INFO][CraftTweaker-ZenCode]: Successfully initialized modules [mods, crafttweaker, expansions]
[15:10:00.434][INFO][CraftTweaker-ZenCode]: Loading file 'gamestage_recipes.zs' with priority 0
[15:10:00.435][INFO][CraftTweaker-ZenCode]: Loading file 'item_stages.zs' with priority 0
[15:10:00.438][INFO][CraftTweaker-ZenCode]: Loading file 'mechanical_crafting.zs' with priority 0
[15:10:00.440][INFO][CraftTweaker-ZenCode]: Loading file 'tonic_staging.zs' with priority 0
[15:10:00.477][INFO][CraftTweaker]: Adding 'minecraft:crafting' recipe, of type: "shapeless", with name: 'recipestages:grout_manual_only' that outputs: '<item:tconstruct:grout> * 2'
[15:10:00.478][INFO][CraftTweaker]: Adding 'minecraft:crafting' recipe, of type: "shapeless", with name: 'recipestages:bounty_paper_manual_only' that outputs: '<item:kubejs:bounty_paper>'
[15:10:00.479][INFO][Item Stages Restrictions]: [ItemStages] Creating new restriction for stages [awakened].
[15:10:00.480][INFO][Item Stages Restrictions]: [ItemStages] Creating new restriction for stages [awakened].
[15:10:00.480][INFO][Item Stages Restrictions]: [ItemStages] Creating new restriction for stages [awakened].
[15:10:00.480][INFO][Item Stages Restrictions]: [ItemStages] Creating new restriction for stages [vampire].
[15:10:00.480][INFO][Item Stages Restrictions]: [ItemStages] Creating new restriction for stages [vampire].
[15:10:00.480][INFO][Item Stages Restrictions]: [ItemStages] Creating new restriction for stages [vampire].
[15:10:00.480][INFO][Item Stages Restrictions]: [ItemStages] Creating new restriction for stages [vampire].
[15:10:00.480][INFO][Item Stages Restrictions]: [ItemStages] Creating new restriction for stages [vampire].
[15:10:00.480][INFO][Item Stages Restrictions]: [ItemStages] Creating new restriction for stages [genasi].
[15:10:00.481][INFO][Item Stages Restrictions]: [ItemStages] Creating new restriction for stages [genasi].
[15:10:00.481][INFO][Item Stages Restrictions]: [ItemStages] Creating new restriction for stages [genasi].
[15:10:00.481][INFO][Item Stages Restrictions]: [ItemStages] Creating new restriction for stages [genasi].
[15:10:00.481][INFO][Item Stages Restrictions]: [ItemStages] Creating new restriction for stages [genasi].
[15:10:00.481][INFO][Item Stages Restrictions]: [ItemStages] Creating new restriction for stages [genasi].
[15:10:00.481][INFO][Item Stages Restrictions]: [ItemStages] Creating new restriction for stages [genasi].
[15:10:00.481][INFO][Item Stages Restrictions]: [ItemStages] Creating new restriction for stages [genasi].
[15:10:00.481][INFO][Item Stages Restrictions]: [ItemStages] Creating new restriction for stages [genasi].
[15:10:00.481][INFO][Item Stages Restrictions]: [ItemStages] Creating new restriction for stages [genasi].
[15:10:00.481][INFO][Item Stages Restrictions]: [ItemStages] Creating new restriction for stages [genasi].
[15:10:00.481][INFO][Item Stages Restrictions]: [ItemStages] Creating new restriction for stages [genasi].
[15:10:00.481][INFO][Item Stages Restrictions]: [ItemStages] Creating new restriction for stages [genasi].
[15:10:00.481][INFO][Item Stages Restrictions]: [ItemStages] Creating new restriction for stages [genasi].
[15:10:00.481][INFO][Item Stages Restrictions]: [ItemStages] Creating new restriction for stages [genasi].
[15:10:00.481][INFO][Item Stages Restrictions]: [ItemStages] Creating new restriction for stages [genasi].
[15:10:00.481][INFO][Item Stages Restrictions]: [ItemStages] Creating new restriction for stages [genasi].
[15:10:00.481][INFO][Item Stages Restrictions]: [ItemStages] Creating new restriction for stages [genasi].
[15:10:00.481][INFO][Item Stages Restrictions]: [ItemStages] Creating new restriction for stages [genasi].
[15:10:00.481][INFO][Item Stages Restrictions]: [ItemStages] Creating new restriction for stages [genasi].
[15:10:00.482][INFO][Item Stages Restrictions]: [ItemStages] Creating new restriction for stages [restricted].
[15:10:00.482][INFO][Item Stages Restrictions]: [ItemStages] Creating new restriction for stages [restricted].
[15:10:00.482][INFO][Item Stages Restrictions]: [ItemStages] Creating new restriction for stages [restricted].
[15:10:00.482][INFO][Item Stages Restrictions]: [ItemStages] Creating new restriction for stages [restricted].
[15:10:00.482][INFO][Item Stages Restrictions]: [ItemStages] Creating new restriction for stages [restricted].
[15:10:00.482][INFO][Item Stages Restrictions]: [ItemStages] Creating new restriction for stages [restricted].
[15:10:00.482][INFO][Item Stages Restrictions]: [ItemStages] Creating new restriction for stages [restricted].
[15:10:00.482][INFO][Item Stages Restrictions]: [ItemStages] Creating new restriction for stages [vampire, awakened].
[15:10:00.483][INFO][Item Stages Restrictions]: [ItemStages] Creating new restriction for stages [human].
[15:10:00.483][INFO][Item Stages Restrictions]: [ItemStages] Creating new restriction for stages [human].
[15:10:00.483][INFO][Item Stages Restrictions]: [ItemStages] Creating new restriction for stages [human].
[15:10:00.484][INFO][Item Stages Restrictions]: [ItemStages] Creating new restriction for stages [human].
[15:10:00.485][INFO][Recipe Machine Stage]: create:mechanical_crafting add recipe [cgs:mechanical_crafting/gatling] to restricted.stage
[15:10:00.486][INFO][Recipe Machine Stage]: create:mechanical_crafting add recipe [cgs:mechanical_crafting/steam_engine] to restricted.stage
[15:10:00.486][INFO][Recipe Machine Stage]: create:sequenced_assembly add recipe [cgs:sequenced_assembly/round7mm] to restricted.stage
[15:10:00.486][INFO][Item Stages Restrictions]: [ItemStages] Creating new restriction for stages [restricted].
[15:10:00.487][INFO][Item Stages Restrictions]: [ItemStages] Creating new restriction for stages [restricted].
[15:10:00.487][INFO][Item Stages Restrictions]: [ItemStages] Creating new restriction for stages [restricted].
[15:10:00.487][INFO][Item Stages Restrictions]: [ItemStages] Creating new restriction for stages [restricted].
[15:10:00.487][INFO][Item Stages Restrictions]: [ItemStages] Creating new restriction for stages [restricted].
[15:10:00.487][INFO][Item Stages Restrictions]: [ItemStages] Creating new restriction for stages [restricted].
[15:10:00.487][INFO][Item Stages Restrictions]: [ItemStages] Creating new restriction for stages [restricted].
[15:10:00.487][INFO][Recipe Machine Stage]: ars_nouveau:imbuement add recipe [minecraft:earth_tonic] to earthrecipeunlocked.stage
[15:10:00.487][INFO][Recipe Machine Stage]: ars_nouveau:imbuement add recipe [minecraft:water_tonic] to waterrecipeunlocked.stage
[15:10:00.487][INFO][Recipe Machine Stage]: ars_nouveau:imbuement add recipe [minecraft:air_tonic] to airrecipeunlocked.stage
[15:10:00.487][INFO][Recipe Machine Stage]: ars_nouveau:imbuement add recipe [minecraft:fire_tonic] to firerecipeunlocked.stage
[15:10:00.487][INFO][Recipe Machine Stage]: ars_nouveau:enchanting_apparatus add recipe [kubejs:source_tonic] to genasi.stage
[15:10:00.488][INFO][Item Stages Restrictions]: [ItemStages] Creating new restriction for stages [earthunlocked].
[15:10:00.488][INFO][Item Stages Restrictions]: [ItemStages] Creating new restriction for stages [waterunlocked].
[15:10:00.488][INFO][Item Stages Restrictions]: [ItemStages] Creating new restriction for stages [airunlocked].
[15:10:00.488][INFO][Item Stages Restrictions]: [ItemStages] Creating new restriction for stages [fireunlocked].
[15:10:00.488][INFO][Item Stages Restrictions]: [ItemStages] Creating new restriction for stages [genasi].
[15:10:00.488][INFO][CraftTweaker-ZenCode]: Execution for loader 'crafttweaker' completed successfully
[15:10:00.490][INFO][CraftTweaker]: CraftTweaker reload complete!
[15:10:00.490][INFO][CraftTweaker]: This reload was made possible by embeddedt and more! Become a patron at https://patreon.com/jaredlll08?s=crtmod
[15:17:45.600][INFO][CraftTweaker-ZenCode]: Started loading scripts for loader 'tags'
[15:17:45.600][INFO][CraftTweaker-ZenCode]: Undoing previous actions
[15:17:45.617][INFO][CraftTweaker-ZenCode]: Compiling and executing scripts
[15:17:45.620][INFO][CraftTweaker-ZenCode]: Successfully initialized modules [crafttweaker, expansions]
[15:17:45.629][INFO][CraftTweaker-ZenCode]: Execution for loader 'tags' completed successfully
[15:17:47.103][INFO][CraftTweaker]: CraftTweaker reload starting!
[15:17:47.108][INFO][CraftTweaker-ZenCode]: Started loading scripts for loader 'crafttweaker'
[15:17:47.108][INFO][CraftTweaker-ZenCode]: Undoing previous actions
[15:17:47.132][INFO][CraftTweaker-ZenCode]: Compiling and executing scripts
[15:17:47.314][INFO][CraftTweaker-ZenCode]: Successfully initialized modules [mods, crafttweaker, expansions]
[15:17:47.314][INFO][CraftTweaker-ZenCode]: Loading file 'gamestage_recipes.zs' with priority 0
[15:17:47.315][INFO][CraftTweaker-ZenCode]: Loading file 'item_stages.zs' with priority 0
[15:17:47.316][INFO][CraftTweaker-ZenCode]: Loading file 'mechanical_crafting.zs' with priority 0
[15:17:47.316][INFO][CraftTweaker-ZenCode]: Loading file 'tonic_staging.zs' with priority 0
[15:17:47.339][INFO][CraftTweaker]: Adding 'minecraft:crafting' recipe, of type: "shapeless", with name: 'recipestages:grout_manual_only' that outputs: '<item:tconstruct:grout> * 2'
[15:17:47.340][INFO][CraftTweaker]: Adding 'minecraft:crafting' recipe, of type: "shapeless", with name: 'recipestages:bounty_paper_manual_only' that outputs: '<item:kubejs:bounty_paper>'
[15:17:47.341][INFO][Item Stages Restrictions]: [ItemStages] Creating new restriction for stages [awakened].
[15:17:47.341][INFO][Item Stages Restrictions]: [ItemStages] Creating new restriction for stages [awakened].
[15:17:47.341][INFO][Item Stages Restrictions]: [ItemStages] Creating new restriction for stages [awakened].
[15:17:47.341][INFO][Item Stages Restrictions]: [ItemStages] Creating new restriction for stages [vampire].
[15:17:47.341][INFO][Item Stages Restrictions]: [ItemStages] Creating new restriction for stages [vampire].
[15:17:47.341][INFO][Item Stages Restrictions]: [ItemStages] Creating new restriction for stages [vampire].
[15:17:47.341][INFO][Item Stages Restrictions]: [ItemStages] Creating new restriction for stages [vampire].
[15:17:47.341][INFO][Item Stages Restrictions]: [ItemStages] Creating new restriction for stages [vampire].
[15:17:47.341][INFO][Item Stages Restrictions]: [ItemStages] Creating new restriction for stages [genasi].
[15:17:47.341][INFO][Item Stages Restrictions]: [ItemStages] Creating new restriction for stages [genasi].
[15:17:47.341][INFO][Item Stages Restrictions]: [ItemStages] Creating new restriction for stages [genasi].
[15:17:47.341][INFO][Item Stages Restrictions]: [ItemStages] Creating new restriction for stages [genasi].
[15:17:47.341][INFO][Item Stages Restrictions]: [ItemStages] Creating new restriction for stages [genasi].
[15:17:47.341][INFO][Item Stages Restrictions]: [ItemStages] Creating new restriction for stages [genasi].
[15:17:47.341][INFO][Item Stages Restrictions]: [ItemStages] Creating new restriction for stages [genasi].
[15:17:47.341][INFO][Item Stages Restrictions]: [ItemStages] Creating new restriction for stages [genasi].
[15:17:47.341][INFO][Item Stages Restrictions]: [ItemStages] Creating new restriction for stages [genasi].
[15:17:47.341][INFO][Item Stages Restrictions]: [ItemStages] Creating new restriction for stages [genasi].
[15:17:47.342][INFO][Item Stages Restrictions]: [ItemStages] Creating new restriction for stages [genasi].
[15:17:47.342][INFO][Item Stages Restrictions]: [ItemStages] Creating new restriction for stages [genasi].
[15:17:47.342][INFO][Item Stages Restrictions]: [ItemStages] Creating new restriction for stages [genasi].
[15:17:47.342][INFO][Item Stages Restrictions]: [ItemStages] Creating new restriction for stages [genasi].
[15:17:47.342][INFO][Item Stages Restrictions]: [ItemStages] Creating new restriction for stages [genasi].
[15:17:47.342][INFO][Item Stages Restrictions]: [ItemStages] Creating new restriction for stages [genasi].
[15:17:47.342][INFO][Item Stages Restrictions]: [ItemStages] Creating new restriction for stages [genasi].
[15:17:47.342][INFO][Item Stages Restrictions]: [ItemStages] Creating new restriction for stages [genasi].
[15:17:47.342][INFO][Item Stages Restrictions]: [ItemStages] Creating new restriction for stages [genasi].
[15:17:47.342][INFO][Item Stages Restrictions]: [ItemStages] Creating new restriction for stages [genasi].
[15:17:47.342][INFO][Item Stages Restrictions]: [ItemStages] Creating new restriction for stages [restricted].
[15:17:47.342][INFO][Item Stages Restrictions]: [ItemStages] Creating new restriction for stages [restricted].
[15:17:47.342][INFO][Item Stages Restrictions]: [ItemStages] Creating new restriction for stages [restricted].
[15:17:47.342][INFO][Item Stages Restrictions]: [ItemStages] Creating new restriction for stages [restricted].
[15:17:47.342][INFO][Item Stages Restrictions]: [ItemStages] Creating new restriction for stages [restricted].
[15:17:47.342][INFO][Item Stages Restrictions]: [ItemStages] Creating new restriction for stages [restricted].
[15:17:47.342][INFO][Item Stages Restrictions]: [ItemStages] Creating new restriction for stages [restricted].
[15:17:47.342][INFO][Item Stages Restrictions]: [ItemStages] Creating new restriction for stages [vampire, awakened].
[15:17:47.343][INFO][Item Stages Restrictions]: [ItemStages] Creating new restriction for stages [human].
[15:17:47.343][INFO][Item Stages Restrictions]: [ItemStages] Creating new restriction for stages [human].
[15:17:47.343][INFO][Item Stages Restrictions]: [ItemStages] Creating new restriction for stages [human].
[15:17:47.343][INFO][Item Stages Restrictions]: [ItemStages] Creating new restriction for stages [human].
[15:17:47.344][INFO][Recipe Machine Stage]: create:mechanical_crafting add recipe [cgs:mechanical_crafting/gatling] to restricted.stage
[15:17:47.344][INFO][Recipe Machine Stage]: create:mechanical_crafting add recipe [cgs:mechanical_crafting/steam_engine] to restricted.stage
[15:17:47.344][INFO][Recipe Machine Stage]: create:sequenced_assembly add recipe [cgs:sequenced_assembly/round7mm] to restricted.stage
[15:17:47.344][INFO][Item Stages Restrictions]: [ItemStages] Creating new restriction for stages [restricted].
[15:17:47.344][INFO][Item Stages Restrictions]: [ItemStages] Creating new restriction for stages [restricted].
[15:17:47.344][INFO][Item Stages Restrictions]: [ItemStages] Creating new restriction for stages [restricted].
[15:17:47.344][INFO][Item Stages Restrictions]: [ItemStages] Creating new restriction for stages [restricted].
[15:17:47.344][INFO][Item Stages Restrictions]: [ItemStages] Creating new restriction for stages [restricted].
[15:17:47.344][INFO][Item Stages Restrictions]: [ItemStages] Creating new restriction for stages [restricted].
[15:17:47.344][INFO][Item Stages Restrictions]: [ItemStages] Creating new restriction for stages [restricted].
[15:17:47.345][INFO][Recipe Machine Stage]: ars_nouveau:imbuement add recipe [minecraft:earth_tonic] to earthrecipeunlocked.stage
[15:17:47.345][INFO][Recipe Machine Stage]: ars_nouveau:imbuement add recipe [minecraft:water_tonic] to waterrecipeunlocked.stage
[15:17:47.345][INFO][Recipe Machine Stage]: ars_nouveau:imbuement add recipe [minecraft:air_tonic] to airrecipeunlocked.stage
[15:17:47.345][INFO][Recipe Machine Stage]: ars_nouveau:imbuement add recipe [minecraft:fire_tonic] to firerecipeunlocked.stage
[15:17:47.345][INFO][Recipe Machine Stage]: ars_nouveau:enchanting_apparatus add recipe [kubejs:source_tonic] to genasi.stage
[15:17:47.345][INFO][Item Stages Restrictions]: [ItemStages] Creating new restriction for stages [earthunlocked].
[15:17:47.345][INFO][Item Stages Restrictions]: [ItemStages] Creating new restriction for stages [waterunlocked].
[15:17:47.345][INFO][Item Stages Restrictions]: [ItemStages] Creating new restriction for stages [airunlocked].
[15:17:47.345][INFO][Item Stages Restrictions]: [ItemStages] Creating new restriction for stages [fireunlocked].
[15:17:47.345][INFO][Item Stages Restrictions]: [ItemStages] Creating new restriction for stages [genasi].
[15:17:47.345][INFO][CraftTweaker-ZenCode]: Execution for loader 'crafttweaker' completed successfully
[15:17:47.346][INFO][CraftTweaker]: CraftTweaker reload complete!
[15:17:47.347][INFO][CraftTweaker]: This reload was made possible by embeddedt and more! Become a patron at https://patreon.com/jaredlll08?s=crtmod
[15:25:20.555][INFO][CraftTweaker-ZenCode]: Started loading scripts for loader 'tags'
[15:25:20.555][INFO][CraftTweaker-ZenCode]: Undoing previous actions
[15:25:20.572][INFO][CraftTweaker-ZenCode]: Compiling and executing scripts
[15:25:20.576][INFO][CraftTweaker-ZenCode]: Successfully initialized modules [crafttweaker, expansions]
[15:25:20.584][INFO][CraftTweaker-ZenCode]: Execution for loader 'tags' completed successfully
[15:25:21.991][INFO][CraftTweaker-ZenCode]: Started loading scripts for loader 'crafttweaker'
[15:25:21.991][INFO][CraftTweaker-ZenCode]: Undoing previous actions
[15:25:22.056][INFO][CraftTweaker-ZenCode]: Compiling and executing scripts
[15:25:22.241][INFO][CraftTweaker-ZenCode]: Successfully initialized modules [mods, crafttweaker, expansions]
[15:25:22.241][INFO][CraftTweaker-ZenCode]: Loading file 'gamestage_recipes.zs' with priority 0
[15:25:22.242][INFO][CraftTweaker-ZenCode]: Loading file 'item_stages.zs' with priority 0
[15:25:22.244][INFO][CraftTweaker-ZenCode]: Loading file 'mechanical_crafting.zs' with priority 0
[15:25:22.244][INFO][CraftTweaker-ZenCode]: Loading file 'tonic_staging.zs' with priority 0
[15:25:22.286][INFO][CraftTweaker]: Adding 'minecraft:crafting' recipe, of type: "shapeless", with name: 'recipestages:grout_manual_only' that outputs: '<item:tconstruct:grout> * 2'
[15:25:22.286][INFO][CraftTweaker]: Adding 'minecraft:crafting' recipe, of type: "shapeless", with name: 'recipestages:bounty_paper_manual_only' that outputs: '<item:kubejs:bounty_paper>'
[15:25:22.287][INFO][Item Stages Restrictions]: [ItemStages] Creating new restriction for stages [awakened].
[15:25:22.287][INFO][Item Stages Restrictions]: [ItemStages] Creating new restriction for stages [awakened].
[15:25:22.287][INFO][Item Stages Restrictions]: [ItemStages] Creating new restriction for stages [awakened].
[15:25:22.287][INFO][Item Stages Restrictions]: [ItemStages] Creating new restriction for stages [vampire].
[15:25:22.287][INFO][Item Stages Restrictions]: [ItemStages] Creating new restriction for stages [vampire].
[15:25:22.287][INFO][Item Stages Restrictions]: [ItemStages] Creating new restriction for stages [vampire].
[15:25:22.287][INFO][Item Stages Restrictions]: [ItemStages] Creating new restriction for stages [vampire].
[15:25:22.287][INFO][Item Stages Restrictions]: [ItemStages] Creating new restriction for stages [vampire].
[15:25:22.287][INFO][Item Stages Restrictions]: [ItemStages] Creating new restriction for stages [genasi].
[15:25:22.288][INFO][Item Stages Restrictions]: [ItemStages] Creating new restriction for stages [genasi].
[15:25:22.288][INFO][Item Stages Restrictions]: [ItemStages] Creating new restriction for stages [genasi].
[15:25:22.288][INFO][Item Stages Restrictions]: [ItemStages] Creating new restriction for stages [genasi].
[15:25:22.288][INFO][Item Stages Restrictions]: [ItemStages] Creating new restriction for stages [genasi].
[15:25:22.288][INFO][Item Stages Restrictions]: [ItemStages] Creating new restriction for stages [genasi].
[15:25:22.288][INFO][Item Stages Restrictions]: [ItemStages] Creating new restriction for stages [genasi].
[15:25:22.288][INFO][Item Stages Restrictions]: [ItemStages] Creating new restriction for stages [genasi].
[15:25:22.288][INFO][Item Stages Restrictions]: [ItemStages] Creating new restriction for stages [genasi].
[15:25:22.288][INFO][Item Stages Restrictions]: [ItemStages] Creating new restriction for stages [genasi].
[15:25:22.288][INFO][Item Stages Restrictions]: [ItemStages] Creating new restriction for stages [genasi].
[15:25:22.288][INFO][Item Stages Restrictions]: [ItemStages] Creating new restriction for stages [genasi].
[15:25:22.288][INFO][Item Stages Restrictions]: [ItemStages] Creating new restriction for stages [genasi].
[15:25:22.288][INFO][Item Stages Restrictions]: [ItemStages] Creating new restriction for stages [genasi].
[15:25:22.288][INFO][Item Stages Restrictions]: [ItemStages] Creating new restriction for stages [genasi].
[15:25:22.288][INFO][Item Stages Restrictions]: [ItemStages] Creating new restriction for stages [genasi].
[15:25:22.288][INFO][Item Stages Restrictions]: [ItemStages] Creating new restriction for stages [genasi].
[15:25:22.288][INFO][Item Stages Restrictions]: [ItemStages] Creating new restriction for stages [genasi].
[15:25:22.288][INFO][Item Stages Restrictions]: [ItemStages] Creating new restriction for stages [genasi].
[15:25:22.288][INFO][Item Stages Restrictions]: [ItemStages] Creating new restriction for stages [genasi].
[15:25:22.289][INFO][Item Stages Restrictions]: [ItemStages] Creating new restriction for stages [restricted].
[15:25:22.289][INFO][Item Stages Restrictions]: [ItemStages] Creating new restriction for stages [restricted].
[15:25:22.289][INFO][Item Stages Restrictions]: [ItemStages] Creating new restriction for stages [restricted].
[15:25:22.289][INFO][Item Stages Restrictions]: [ItemStages] Creating new restriction for stages [restricted].
[15:25:22.289][INFO][Item Stages Restrictions]: [ItemStages] Creating new restriction for stages [restricted].
[15:25:22.289][INFO][Item Stages Restrictions]: [ItemStages] Creating new restriction for stages [restricted].
[15:25:22.289][INFO][Item Stages Restrictions]: [ItemStages] Creating new restriction for stages [restricted].
[15:25:22.289][INFO][Item Stages Restrictions]: [ItemStages] Creating new restriction for stages [restricted].
[15:25:22.289][INFO][Item Stages Restrictions]: [ItemStages] Creating new restriction for stages [vampire, awakened].
[15:25:22.290][INFO][Item Stages Restrictions]: [ItemStages] Creating new restriction for stages [human].
[15:25:22.290][INFO][Item Stages Restrictions]: [ItemStages] Creating new restriction for stages [human].
[15:25:22.290][INFO][Item Stages Restrictions]: [ItemStages] Creating new restriction for stages [human].
[15:25:22.290][INFO][Item Stages Restrictions]: [ItemStages] Creating new restriction for stages [human].
[15:25:22.291][INFO][Recipe Machine Stage]: create:mechanical_crafting add recipe [cgs:mechanical_crafting/gatling] to restricted.stage
[15:25:22.292][INFO][Recipe Machine Stage]: create:mechanical_crafting add recipe [cgs:mechanical_crafting/steam_engine] to restricted.stage
[15:25:22.292][INFO][Recipe Machine Stage]: create:sequenced_assembly add recipe [cgs:sequenced_assembly/round7mm] to restricted.stage
[15:25:22.292][INFO][Item Stages Restrictions]: [ItemStages] Creating new restriction for stages [restricted].
[15:25:22.292][INFO][Item Stages Restrictions]: [ItemStages] Creating new restriction for stages [restricted].
[15:25:22.292][INFO][Item Stages Restrictions]: [ItemStages] Creating new restriction for stages [restricted].
[15:25:22.292][INFO][Item Stages Restrictions]: [ItemStages] Creating new restriction for stages [restricted].
[15:25:22.292][INFO][Item Stages Restrictions]: [ItemStages] Creating new restriction for stages [restricted].
[15:25:22.293][INFO][Item Stages Restrictions]: [ItemStages] Creating new restriction for stages [restricted].
[15:25:22.293][INFO][Item Stages Restrictions]: [ItemStages] Creating new restriction for stages [restricted].
[15:25:22.317][INFO][Recipe Machine Stage]: ars_nouveau:imbuement add recipe [minecraft:earth_tonic] to earthrecipeunlocked.stage
[15:25:22.318][INFO][Recipe Machine Stage]: ars_nouveau:imbuement add recipe [minecraft:water_tonic] to waterrecipeunlocked.stage
[15:25:22.319][INFO][Recipe Machine Stage]: ars_nouveau:imbuement add recipe [minecraft:air_tonic] to airrecipeunlocked.stage
[15:25:22.319][INFO][Recipe Machine Stage]: ars_nouveau:imbuement add recipe [minecraft:fire_tonic] to firerecipeunlocked.stage
[15:25:22.319][INFO][Recipe Machine Stage]: ars_nouveau:enchanting_apparatus add recipe [kubejs:source_tonic] to genasi.stage
[15:25:22.320][INFO][Item Stages Restrictions]: [ItemStages] Creating new restriction for stages [earthunlocked].
[15:25:22.320][INFO][Item Stages Restrictions]: [ItemStages] Creating new restriction for stages [waterunlocked].
[15:25:22.320][INFO][Item Stages Restrictions]: [ItemStages] Creating new restriction for stages [airunlocked].
[15:25:22.320][INFO][Item Stages Restrictions]: [ItemStages] Creating new restriction for stages [fireunlocked].
[15:25:22.320][INFO][Item Stages Restrictions]: [ItemStages] Creating new restriction for stages [genasi].
[15:25:22.320][INFO][CraftTweaker-ZenCode]: Execution for loader 'crafttweaker' completed successfully
[15:25:22.321][INFO][CraftTweaker]: This reload was made possible by Ncc1702 and more! Become a patron at https://patreon.com/jaredlll08?s=crtmod
